<?xml version="1.0" encoding="UTF-8"?>
<testng-results ignored="0" total="7" passed="7" failed="0" skipped="0">
  <reporter-output>
  </reporter-output>
  <suite started-at="2024-07-19T18:23:14 IST" name="Default suite" finished-at="2024-07-19T18:23:26 IST" duration-ms="11705">
    <groups>
    </groups>
    <test started-at="2024-07-19T18:23:14 IST" name="Default test" finished-at="2024-07-19T18:23:26 IST" duration-ms="11705">
      <class name="dummyjson_rest_assured.Comments">
        <test-method signature="Add_a_new_comment()[pri:0, instance:dummyjson_rest_assured.Comments@32502377]" started-at="2024-07-19T18:23:14 IST" name="Add_a_new_comment" finished-at="2024-07-19T18:23:20 IST" duration-ms="5371" status="PASS">
          <reporter-output>
          </reporter-output>
        </test-method> <!-- Add_a_new_comment -->
        <test-method signature="Delete_a_comment()[pri:0, instance:dummyjson_rest_assured.Comments@32502377]" started-at="2024-07-19T18:23:20 IST" name="Delete_a_comment" finished-at="2024-07-19T18:23:21 IST" duration-ms="1308" status="PASS">
          <reporter-output>
          </reporter-output>
        </test-method> <!-- Delete_a_comment -->
        <test-method signature="Get_all_comments()[pri:0, instance:dummyjson_rest_assured.Comments@32502377]" started-at="2024-07-19T18:23:21 IST" name="Get_all_comments" finished-at="2024-07-19T18:23:22 IST" duration-ms="931" status="PASS">
          <reporter-output>
          </reporter-output>
        </test-method> <!-- Get_all_comments -->
        <test-method signature="Get_all_commentsby_postid()[pri:0, instance:dummyjson_rest_assured.Comments@32502377]" started-at="2024-07-19T18:23:22 IST" name="Get_all_commentsby_postid" finished-at="2024-07-19T18:23:23 IST" duration-ms="886" status="PASS">
          <reporter-output>
          </reporter-output>
        </test-method> <!-- Get_all_commentsby_postid -->
        <test-method signature="Geta_single_comment()[pri:0, instance:dummyjson_rest_assured.Comments@32502377]" started-at="2024-07-19T18:23:23 IST" name="Geta_single_comment" finished-at="2024-07-19T18:23:24 IST" duration-ms="871" status="PASS">
          <reporter-output>
          </reporter-output>
        </test-method> <!-- Geta_single_comment -->
        <test-method signature="Limit_and_skipcomments()[pri:0, instance:dummyjson_rest_assured.Comments@32502377]" started-at="2024-07-19T18:23:24 IST" name="Limit_and_skipcomments" finished-at="2024-07-19T18:23:25 IST" duration-ms="969" status="PASS">
          <reporter-output>
          </reporter-output>
        </test-method> <!-- Limit_and_skipcomments -->
        <test-method signature="Update_a_comment()[pri:0, instance:dummyjson_rest_assured.Comments@32502377]" started-at="2024-07-19T18:23:25 IST" name="Update_a_comment" finished-at="2024-07-19T18:23:26 IST" duration-ms="1222" status="PASS">
          <reporter-output>
          </reporter-output>
        </test-method> <!-- Update_a_comment -->
      </class> <!-- dummyjson_rest_assured.Comments -->
    </test> <!-- Default test -->
  </suite> <!-- Default suite -->
</testng-results>
