<?xml version="1.0" encoding="UTF-8"?>
<testng-results ignored="0" total="1" passed="1" failed="0" skipped="0">
  <reporter-output>
  </reporter-output>
  <suite started-at="2024-07-20T08:08:41 IST" name="Default suite" finished-at="2024-07-20T08:08:54 IST" duration-ms="13118">
    <groups>
    </groups>
    <test started-at="2024-07-20T08:08:41 IST" name="Default test" finished-at="2024-07-20T08:08:54 IST" duration-ms="13118">
      <class name="opencart_pom_module_Seachproduct.seach">
        <test-method is-config="true" signature="setUp()[pri:0, instance:opencart_pom_module_Seachproduct.seach@783a467b]" started-at="2024-07-20T08:08:41 IST" name="setUp" finished-at="2024-07-20T08:08:44 IST" duration-ms="3738" status="PASS">
          <reporter-output>
          </reporter-output>
        </test-method> <!-- setUp -->
        <test-method signature="myfirstproduct()[pri:0, instance:opencart_pom_module_Seachproduct.seach@783a467b]" started-at="2024-07-20T08:08:44 IST" name="myfirstproduct" finished-at="2024-07-20T08:08:47 IST" duration-ms="2514" status="PASS">
          <reporter-output>
          </reporter-output>
        </test-method> <!-- myfirstproduct -->
        <test-method is-config="true" signature="tearDown()[pri:0, instance:opencart_pom_module_Seachproduct.seach@783a467b]" started-at="2024-07-20T08:08:47 IST" name="tearDown" finished-at="2024-07-20T08:08:54 IST" duration-ms="6817" status="PASS">
          <reporter-output>
          </reporter-output>
        </test-method> <!-- tearDown -->
      </class> <!-- opencart_pom_module_Seachproduct.seach -->
    </test> <!-- Default test -->
  </suite> <!-- Default suite -->
</testng-results>
