<?xml version="1.0" encoding="UTF-8"?>
<!-- Generated by org.testng.reporters.JUnitXMLReporter -->
<testsuite ignored="0" hostname="DESKTOP-J4SRGEC" failures="0" tests="7" name="Default test" time="11.705" errors="0" timestamp="2024-07-19T18:23:26 IST">
  <testcase classname="dummyjson_rest_assured.Comments" name="Add_a_new_comment" time="5.371"/>
  <testcase classname="dummyjson_rest_assured.Comments" name="Delete_a_comment" time="1.308"/>
  <testcase classname="dummyjson_rest_assured.Comments" name="Get_all_comments" time="0.931"/>
  <testcase classname="dummyjson_rest_assured.Comments" name="Get_all_commentsby_postid" time="0.886"/>
  <testcase classname="dummyjson_rest_assured.Comments" name="Geta_single_comment" time="0.871"/>
  <testcase classname="dummyjson_rest_assured.Comments" name="Limit_and_skipcomments" time="0.969"/>
  <testcase classname="dummyjson_rest_assured.Comments" name="Update_a_comment" time="1.222"/>
</testsuite> <!-- Default test -->
